Flow report for lab3top
Tue Apr 04 18:06:43 2023
Quartus II 64-Bit Version 13.0.1 Build 232 06/12/2013 Service Pack 1 SJ Web Edition


---------------------
; Table of Contents ;
---------------------
  1. Legal Notice
  2. Flow Summary
  3. Flow Settings
  4. Flow Non-Default Global Settings
  5. Flow Elapsed Time
  6. Flow OS Summary
  7. Flow Log
  8. Flow Messages
  9. Flow Suppressed Messages



----------------
; Legal Notice ;
----------------
Copyright (C) 1991-2013 Altera Corporation
Your use of Altera Corporation's design tools, logic functions 
and other software and tools, and its AMPP partner logic 
functions, and any output files from any of the foregoing 
(including device programming or simulation files), and any 
associated documentation or information are expressly subject 
to the terms and conditions of the Altera Program License 
Subscription Agreement, Altera MegaCore Function License 
Agreement, or other applicable license agreement, including, 
without limitation, that your use is for the sole purpose of 
programming logic devices manufactured by Altera and sold by 
Altera or its authorized distributors.  Please refer to the 
applicable agreement for further details.



+--------------------------------------------------------------------------------------+
; Flow Summary                                                                         ;
+------------------------------------+-------------------------------------------------+
; Flow Status                        ; Successful - Tue Apr 04 18:06:42 2023           ;
; Quartus II 64-Bit Version          ; 13.0.1 Build 232 06/12/2013 SP 1 SJ Web Edition ;
; Revision Name                      ; lab3top                                         ;
; Top-level Entity Name              ; buffer_MEM_WB                                   ;
; Family                             ; Cyclone IV E                                    ;
; Device                             ; EP4CE115F29C7                                   ;
; Timing Models                      ; Final                                           ;
; Total logic elements               ; 23 / 114,480 ( < 1 % )                          ;
;     Total combinational functions  ; 0 / 114,480 ( 0 % )                             ;
;     Dedicated logic registers      ; 23 / 114,480 ( < 1 % )                          ;
; Total registers                    ; 23                                              ;
; Total pins                         ; 49 / 529 ( 9 % )                                ;
; Total virtual pins                 ; 0                                               ;
; Total memory bits                  ; 0 / 3,981,312 ( 0 % )                           ;
; Embedded Multiplier 9-bit elements ; 0 / 532 ( 0 % )                                 ;
; Total PLLs                         ; 0 / 4 ( 0 % )                                   ;
+------------------------------------+-------------------------------------------------+


+-----------------------------------------+
; Flow Settings                           ;
+-------------------+---------------------+
; Option            ; Setting             ;
+-------------------+---------------------+
; Start date & time ; 04/04/2023 18:04:31 ;
; Main task         ; Compilation         ;
; Revision Name     ; lab3top             ;
+-------------------+---------------------+


+------------------------------------------------------------------------------------------------------------------------------+
; Flow Non-Default Global Settings                                                                                             ;
+-------------------------------------+---------------------------------------+---------------+---------------+----------------+
; Assignment Name                     ; Value                                 ; Default Value ; Entity Name   ; Section Id     ;
+-------------------------------------+---------------------------------------+---------------+---------------+----------------+
; COMPILER_SIGNATURE_ID               ; 345050294873.168064586902852          ; --            ; --            ; --             ;
; EDA_GENERATE_FUNCTIONAL_NETLIST     ; On                                    ; --            ; --            ; eda_simulation ;
; EDA_OUTPUT_DATA_FORMAT              ; Verilog Hdl                           ; --            ; --            ; eda_simulation ;
; EDA_SIMULATION_TOOL                 ; ModelSim-Altera (Verilog)             ; <None>        ; --            ; --             ;
; MAX_CORE_JUNCTION_TEMP              ; 85                                    ; --            ; --            ; --             ;
; MIN_CORE_JUNCTION_TEMP              ; 0                                     ; --            ; --            ; --             ;
; NOMINAL_CORE_SUPPLY_VOLTAGE         ; 1.2V                                  ; --            ; --            ; --             ;
; PARTITION_COLOR                     ; 16764057                              ; --            ; buffer_MEM_WB ; Top            ;
; PARTITION_FITTER_PRESERVATION_LEVEL ; PLACEMENT_AND_ROUTING                 ; --            ; buffer_MEM_WB ; Top            ;
; PARTITION_NETLIST_TYPE              ; SOURCE                                ; --            ; buffer_MEM_WB ; Top            ;
; POWER_BOARD_THERMAL_MODEL           ; None (CONSERVATIVE)                   ; --            ; --            ; --             ;
; POWER_PRESET_COOLING_SOLUTION       ; 23 MM HEAT SINK WITH 200 LFPM AIRFLOW ; --            ; --            ; --             ;
; PROJECT_OUTPUT_DIRECTORY            ; output_files                          ; --            ; --            ; --             ;
; TOP_LEVEL_ENTITY                    ; buffer_MEM_WB                         ; lab3top       ; --            ; --             ;
+-------------------------------------+---------------------------------------+---------------+---------------+----------------+


+-------------------------------------------------------------------------------------------------------------------------------+
; Flow Elapsed Time                                                                                                             ;
+---------------------------+--------------+-------------------------+---------------------+------------------------------------+
; Module Name               ; Elapsed Time ; Average Processors Used ; Peak Virtual Memory ; Total CPU Time (on all processors) ;
+---------------------------+--------------+-------------------------+---------------------+------------------------------------+
; Analysis & Synthesis      ; 00:00:27     ; 1.0                     ; 4643 MB             ; 00:00:26                           ;
; Fitter                    ; 00:00:50     ; 1.0                     ; 4995 MB             ; 00:00:49                           ;
; Assembler                 ; 00:00:23     ; 1.0                     ; 4578 MB             ; 00:00:23                           ;
; TimeQuest Timing Analyzer ; 00:00:34     ; 1.0                     ; 4655 MB             ; 00:00:31                           ;
; EDA Netlist Writer        ; 00:00:03     ; 1.0                     ; 4534 MB             ; 00:00:03                           ;
; Total                     ; 00:02:17     ; --                      ; --                  ; 00:02:12                           ;
+---------------------------+--------------+-------------------------+---------------------+------------------------------------+


+----------------------------------------------------------------------------------------+
; Flow OS Summary                                                                        ;
+---------------------------+------------------+-----------+------------+----------------+
; Module Name               ; Machine Hostname ; OS Name   ; OS Version ; Processor type ;
+---------------------------+------------------+-----------+------------+----------------+
; Analysis & Synthesis      ; 1850-W2023a-013  ; Windows 7 ; 6.2        ; x86_64         ;
; Fitter                    ; 1850-W2023a-013  ; Windows 7 ; 6.2        ; x86_64         ;
; Assembler                 ; 1850-W2023a-013  ; Windows 7 ; 6.2        ; x86_64         ;
; TimeQuest Timing Analyzer ; 1850-W2023a-013  ; Windows 7 ; 6.2        ; x86_64         ;
; EDA Netlist Writer        ; 1850-W2023a-013  ; Windows 7 ; 6.2        ; x86_64         ;
+---------------------------+------------------+-----------+------------+----------------+


------------
; Flow Log ;
------------
quartus_map --read_settings_files=on --write_settings_files=off pipelined_processor -c lab3top
quartus_fit --read_settings_files=off --write_settings_files=off pipelined_processor -c lab3top
quartus_asm --read_settings_files=off --write_settings_files=off pipelined_processor -c lab3top
quartus_sta pipelined_processor -c lab3top
quartus_eda --read_settings_files=off --write_settings_files=off pipelined_processor -c lab3top



